
T4021E6C0 000:000 SEGGER J-Link V4.80 Log File (0000ms, 0000ms total)
T4021E6C0 000:000 DLL Compiled: Dec 20 2013 19:40:14 (0000ms, 0000ms total)
T4021E6C0 000:000 Logging started @ 2016-09-19 14:26 (0000ms, 0000ms total)
T4021E6C0 000:001 JLINK_SetWarnOutHandler(...) (0000ms, 0000ms total)
T4021E6C0 000:001 JLINK_SelectUSB(Port = 0)  returns 0x00 (0000ms, 0000ms total)
T4021E6C0 000:001 JLINK_OpenEx(...)
Firmware: Energy Micro EFM32 compiled Jul  4 2013 17:35:07
Hardware: V7.00
S/N: 440027213
Feature(s): GDB  returns O.K. (0136ms, 0136ms total)
T4021E6C0 000:137 JLINK_SetErrorOutHandler(...) (0000ms, 0136ms total)
T4021E6C0 000:137 JLINK_EnableLog(...) (0000ms, 0136ms total)
T4021E6C0 000:137 JLINK_SetInitRegsOnReset(OFF)  returns 0x01 (0000ms, 0136ms total)
T4021E6C0 000:137 JLINK_GetDLLVersion()  returns 48000 (0000ms, 0136ms total)
T4021E6C0 000:137 JLINK_GetCompileDateTime() (0000ms, 0136ms total)
T4021E6C0 000:137 JLINK_GetFirmwareString(...) (0000ms, 0136ms total)
T4021E6C0 000:137 JLINK_GetHardwareVersion()  returns 0x11170 (0000ms, 0136ms total)
T4021E6C0 000:138 JLINK_EMU_HasCapEx(0x00000026)  returns 0x00 (0000ms, 0136ms total)
T4021E6C0 000:138 JLINK_EMU_GetProductId() (0000ms, 0136ms total)
T4021E6C0 000:138 JLINK_GetHardwareVersion()  returns 0x11170 (0000ms, 0136ms total)
T4021E6C0 000:138 JLINK_GetFirmwareString(...) (0000ms, 0136ms total)
T4021E6C0 000:138 JLINK_GetEmuCaps()  returns 0xFAEA5833 (0000ms, 0136ms total)
T4021E6C0 000:138 JLINK_GetEmuCaps()  returns 0xFAEA5833 (0000ms, 0136ms total)
T4021E6C0 000:138 JLINK_GetHWStatus(...)  returns 0x00 (0006ms, 0142ms total)
T4021E6C0 000:144 JLINK_SetSpeed(100) (0003ms, 0145ms total)
T4021E6C0 000:147 JLINK_GetEmuCaps()  returns 0xFAEA5833 (0000ms, 0145ms total)
T4021E6C0 000:147 JLINK_TIF_GetAvailable(...) (0007ms, 0152ms total)
T4021E6C0 000:154 JLINK_Connect() >0x108 TIF>Found SWD-DP with ID 0x2BA01477 >0x0D TIF> >0x21 TIF> >0x0D TIF> >0x28 TIF> >0x0D TIF> >0x28 TIF> >0x0D TIF> >0x21 TIF> >0x0D TIF> >0x28 TIF> >0x0D TIF> >0x21 TIF> >0x0D TIF> >0x21 TIF> >0x0D TIF> >0x21 TIF> >0x0D TIF> >0x28 TIF> >0x0D TIF> >0x21 TIF> >0x0D TIF> >0x28 TIF> >0x0D TIF> >0x28 TIF> >0x0D TIF> >0x21 TIF> >0x0D TIF> >0x28 TIF> >0x0D TIF> >0x28 TIF> >0x0D TIF> >0x28 TIF> >0x0D TIF> >0x21 TIF> >0x0D TIF> >0x21 TIF> >0x0D TIF> >0x28 TIF> >0x0D TIF>
 >0x21 TIF> >0x0D TIF> >0x21 TIF>Found Cortex-M3 r2p1, Little endian. >0x0D TIF> >0x28 TIF> -- CPU_WriteMem(4 bytes @ 0xE0002000) -- CPU_ReadMem(4 bytes @ 0xE000EDF0) -- CPU_WriteMem(4 bytes @ 0xE000EDF0) -- CPU_ReadMem(4 bytes @ 0xE0002000)FPUnit: 6 code (BP) slots and 2 literal slots -- CPU_ReadMem(4 bytes @ 0xE000EDFC) -- CPU_WriteMem(4 bytes @ 0xE000EDFC) -- CPU_ReadMem(4 bytes @ 0xE0001000) -- CPU_WriteMem(4 bytes @ 0xE0001000) -- CPU_ReadMem(4 bytes @ 0xE00FF010)TPIU fitted.
 -- CPU_ReadMem(4 bytes @ 0xE00FF014)ETM fitted. -- CPU_ReadMem(4 bytes @ 0xE00FF018)  returns 0x00 (0426ms, 0578ms total)
T4021E6C0 000:580 JLINK_GetIdData(...) >0x0D TIF> >0x21 TIF> ScanLen=4 NumDevices=1 aId[0]=0x2BA01477 aIrRead[0]=0 aScanLen[0]=0 aScanRead[0]=0 (0013ms, 0591ms total)
T4021E6C0 000:593 JLINK_JTAG_GetDeviceID(DeviceIndex = 0)  returns 0x00 (0000ms, 0591ms total)
T4021E6C0 000:593 JLINK_GetDeviceFamily()  returns 3 (0000ms, 0591ms total)
T4021E6C0 000:593 JLINK_GetDeviceFamily()  returns 3 (0000ms, 0591ms total)
T4021E6C0 000:593 JLINK_GetDeviceFamily()  returns 3 (0000ms, 0591ms total)
T4021E6C0 000:593 JLINK_GetDeviceFamily()  returns 3 (0000ms, 0591ms total)
T4021E6C0 000:593 JLINK_SetSpeed(100) (0004ms, 0595ms total)
T4021E6C0 000:597 JLINK_GetHWStatus(...)  returns 0x00 (0006ms, 0601ms total)
T4021E6C0 000:603 JLINK_GetSpeedInfo() 16000000 Hz / n, n >= 4 (0000ms, 0601ms total)
T4021E6C0 000:603 JLINK_GetSpeed()  returns 0x64 (0000ms, 0601ms total)
T4021E6C0 000:603 JLINK_ExecCommand("device=EFM32GG990F1024", ...)Device "EFM32GG990F1024" selected (1026 KB flash, 128 KB RAM).  returns 0x00 (0008ms, 0609ms total)
T4021E6C0 000:611 JLINK_Connect() >0x108 TIF>Found SWD-DP with ID 0x2BA01477 >0x0D TIF> >0x21 TIF> >0x0D TIF> >0x28 TIF> >0x0D TIF> >0x28 TIF> >0x0D TIF> >0x21 TIF> >0x0D TIF> >0x28 TIF> >0x0D TIF> >0x21 TIF> >0x0D TIF> >0x21 TIF> >0x0D TIF> >0x21 TIF> >0x0D TIF> >0x28 TIF> >0x0D TIF> >0x21 TIF> >0x0D TIF> >0x28 TIF> >0x0D TIF> >0x28 TIF> >0x0D TIF> >0x21 TIF> >0x0D TIF> >0x28 TIF> >0x0D TIF> >0x28 TIF> >0x0D TIF> >0x28 TIF> >0x0D TIF> >0x21 TIF> >0x0D TIF> >0x21 TIF> >0x0D TIF> >0x28 TIF> >0x0D TIF>
 >0x21 TIF> >0x0D TIF> >0x21 TIF>Found Cortex-M3 r2p1, Little endian. >0x0D TIF> >0x28 TIF> -- CPU_WriteMem(4 bytes @ 0xE0002000) -- CPU_ReadMem(4 bytes @ 0xE000EDF0) -- CPU_ReadMem(4 bytes @ 0xE0002000)FPUnit: 6 code (BP) slots and 2 literal slots -- CPU_ReadMem(4 bytes @ 0xE000EDFC) -- CPU_ReadMem(4 bytes @ 0xE0001000) -- CPU_WriteMem(4 bytes @ 0xE0001000) -- CPU_ReadMem(4 bytes @ 0xE00FF010)TPIU fitted.ETM fitted. -- CPU_ReadMem(4 bytes @ 0xE00FF018)  returns 0x00 (0379ms, 0988ms total)
T4021E6C0 000:990 JLINK_TIF_Select(JLINKARM_TIF_SWD)  returns 0x00 (0000ms, 0988ms total)
T4021E6C0 000:990 JLINK_SetSpeed(1000) (0003ms, 0991ms total)
T4021E6C0 000:994 JLINK_SetSpeed(100) (0003ms, 0994ms total)
T4021E6C0 000:997 JLINK_GetSpeed()  returns 0x64 (0000ms, 0994ms total)
T4021E6C0 000:997 JLINK_IsHalted()  returns FALSE (0007ms, 1001ms total)
T4021E6C0 001:004 JLINK_Halt()T-bit of XPSR is 0 but should be 1. Changed to 1.  returns 0x00 (0050ms, 1044ms total)
T4021E6C0 001:054 JLINK_BeginDownload(Flags = 0x00) (0000ms, 1044ms total)
T4021E6C0 001:054 JLINK_WriteMem(0x00000000, 0x018C Bytes, ...) -- Data:  00 00 02 20 DD 00 00 00 59 01 00 00 59 01 00 00 ...  returns 0x18C (0000ms, 1044ms total)
T4021E6C0 001:054 JLINK_EndDownload() -- -------------------------------------- -- Start of determining dirty areas -- End of determining dirty areas -- Start of preparing flash programming -- Calculating RAM usage -- RAM usage = 2556 Bytes -- Preserving registers -- Preparing memory -- Determining CPU clock frequency -- CPU clock frequency: 14051 kHz -- CPU frequency = 14051 kHz -- Preparing target -- Downloading RAMCode -- Using alternate TurboMode RAMCode -- Checking target RAM -- Preparing RAMCode
 -- End of preparing flash programming -- CPU is running at 14051 kHz. -- Start of comparing flash -- CRC check was estimated as fastest method -- Comparing range 0x0000 - 0x0FFF (1 Sector, 4 KB), using multi-block CRC calculation -- CRC does not match for sector 0 -- End of comparing flash -- Start of erasing sectors -- Erasing range 0x00000000 - 0x00000FFF (  1 Sector, 4 KB) -- End of erasing sectors -- Start of flash programming -- Programming range 0x00000000 - 0x00000FFF (  1 Sector, 4 KB)
 -- End of flash programming -- Flash programming performed for 1 range (4096 bytes) -- 0x0000 - 0x0FFF (001 Sector, 4 KB) -- Start of verifying flash -- Checksum calculation was estimated as fastest method -- End of verifying flash -- Start of restoring -- Restore RAMCode -- Restore content of target memory -- Restore target -- Restore memory -- Restore content of registers -- End of restoring
 -- Total time needed: 1.202s (Prepare: 0.913s, Compare: 0.015s, Erase: 0.095s, Program: 0.098s, Verify: 0.007s, Restore: 0.072s)  returns 0x1000 (1202ms, 2246ms total)
T4021E6C0 002:264 JLINK_ClrRESET() (0010ms, 2256ms total)
T4021E6C0 002:274 JLINK_SetRESET() (0003ms, 2259ms total)
T4021E6C0 002:277 JLINK_Close() >0x42 TIF> >0x0D TIF> (0035ms, 2294ms total)
T4021E6C0 002:277  (0035ms, 2294ms total)
T4021E6C0 002:277 Closed (0035ms, 2294ms total)
